{"/Users/jinzexu/workspace_codes/open-source/douban-mcp/src/index.ts": {"path":"/Users/jinzexu/workspace_codes/open-source/douban-mcp/src/index.ts","statementMap":{"0":{"start":{"line":1,"column":0},"end":{"line":1,"column":30}},"1":{"start":{"line":2,"column":0},"end":{"line":2,"column":24}},"2":{"start":{"line":3,"column":0},"end":{"line":3,"column":33}},"3":{"start":{"line":4,"column":0},"end":{"line":4,"column":47}},"4":{"start":{"line":7,"column":0},"end":{"line":7,"column":16}},"5":{"start":{"line":10,"column":12},"end":{"line":10,"column":21}},"6":{"start":{"line":11,"column":13},"end":{"line":11,"column":37}},"7":{"start":{"line":14,"column":0},"end":{"line":14,"column":16}},"8":{"start":{"line":15,"column":0},"end":{"line":15,"column":24}},"9":{"start":{"line":16,"column":0},"end":{"line":16,"column":48}},"10":{"start":{"line":19,"column":0},"end":{"line":21,"column":3}},"11":{"start":{"line":20,"column":2},"end":{"line":20,"column":66}},"12":{"start":{"line":24,"column":0},"end":{"line":38,"column":3}},"13":{"start":{"line":25,"column":2},"end":{"line":37,"column":5}},"14":{"start":{"line":41,"column":0},"end":{"line":41,"column":29}},"15":{"start":{"line":44,"column":0},"end":{"line":58,"column":2}},"16":{"start":{"line":51,"column":4},"end":{"line":51,"column":32}},"17":{"start":{"line":52,"column":4},"end":{"line":56,"column":7}},"18":{"start":{"line":61,"column":0},"end":{"line":63,"column":3}},"19":{"start":{"line":62,"column":2},"end":{"line":62,"column":56}}},"fnMap":{"0":{"name":"(anonymous_10)","decl":{"start":{"line":19,"column":19},"end":{"line":19,"column":20}},"loc":{"start":{"line":19,"column":32},"end":{"line":21,"column":1}}},"1":{"name":"(anonymous_11)","decl":{"start":{"line":24,"column":13},"end":{"line":24,"column":14}},"loc":{"start":{"line":24,"column":26},"end":{"line":38,"column":1}}},"2":{"name":"(anonymous_12)","decl":{"start":{"line":45,"column":2},"end":{"line":45,"column":null}},"loc":{"start":{"line":50,"column":6},"end":{"line":57,"column":3}}},"3":{"name":"(anonymous_13)","decl":{"start":{"line":61,"column":17},"end":{"line":61,"column":20}},"loc":{"start":{"line":61,"column":22},"end":{"line":63,"column":1}}}},"branchMap":{"0":{"loc":{"start":{"line":11,"column":13},"end":{"line":11,"column":37}},"type":"binary-expr","locations":[{"start":{"line":11,"column":13},"end":{"line":11,"column":29}},{"start":{"line":11,"column":33},"end":{"line":11,"column":37}}]}},"s":{"0":0,"1":0,"2":0,"3":0,"4":0,"5":0,"6":0,"7":0,"8":0,"9":0,"10":0,"11":0,"12":0,"13":0,"14":0,"15":0,"16":0,"17":0,"18":0,"19":0},"f":{"0":0,"1":0,"2":0,"3":0},"b":{"0":[0,0]}}
,"/Users/jinzexu/workspace_codes/open-source/douban-mcp/src/controllers/movieController.ts": {"path":"/Users/jinzexu/workspace_codes/open-source/douban-mcp/src/controllers/movieController.ts","statementMap":{"0":{"start":{"line":2,"column":0},"end":{"line":2,"column":58}},"1":{"start":{"line":5,"column":22},"end":{"line":5,"column":41}},"2":{"start":{"line":10,"column":4},"end":{"line":10,"column":53}},"3":{"start":{"line":11,"column":4},"end":{"line":11,"column":53}},"4":{"start":{"line":12,"column":4},"end":{"line":12,"column":65}},"5":{"start":{"line":17,"column":4},"end":{"line":42,"column":5}},"6":{"start":{"line":18,"column":22},"end":{"line":18,"column":35}},"7":{"start":{"line":20,"column":6},"end":{"line":26,"column":7}},"8":{"start":{"line":21,"column":8},"end":{"line":25,"column":11}},"9":{"start":{"line":28,"column":20},"end":{"line":28,"column":61}},"10":{"start":{"line":30,"column":6},"end":{"line":34,"column":9}},"11":{"start":{"line":36,"column":6},"end":{"line":36,"column":40}},"12":{"start":{"line":37,"column":6},"end":{"line":41,"column":9}},"13":{"start":{"line":47,"column":4},"end":{"line":76,"column":5}},"14":{"start":{"line":48,"column":47},"end":{"line":48,"column":56}},"15":{"start":{"line":50,"column":6},"end":{"line":56,"column":7}},"16":{"start":{"line":51,"column":8},"end":{"line":55,"column":11}},"17":{"start":{"line":58,"column":21},"end":{"line":61,"column":null}},"18":{"start":{"line":64,"column":6},"end":{"line":68,"column":9}},"19":{"start":{"line":70,"column":6},"end":{"line":70,"column":38}},"20":{"start":{"line":71,"column":6},"end":{"line":75,"column":9}},"21":{"start":{"line":81,"column":4},"end":{"line":109,"column":5}},"22":{"start":{"line":83,"column":44},"end":{"line":83,"column":52}},"23":{"start":{"line":86,"column":6},"end":{"line":88,"column":7}},"24":{"start":{"line":87,"column":8},"end":{"line":87,"column":61}},"25":{"start":{"line":90,"column":6},"end":{"line":92,"column":7}},"26":{"start":{"line":91,"column":8},"end":{"line":91,"column":57}},"27":{"start":{"line":95,"column":21},"end":{"line":95,"column":67}},"28":{"start":{"line":97,"column":6},"end":{"line":101,"column":9}},"29":{"start":{"line":103,"column":6},"end":{"line":103,"column":40}},"30":{"start":{"line":104,"column":6},"end":{"line":108,"column":9}},"31":{"start":{"line":7,"column":0},"end":{"line":7,"column":13}}},"fnMap":{"0":{"name":"(anonymous_0)","decl":{"start":{"line":8,"column":2},"end":{"line":8,"column":null}},"loc":{"start":{"line":8,"column":2},"end":{"line":13,"column":3}}},"1":{"name":"(anonymous_1)","decl":{"start":{"line":16,"column":2},"end":{"line":16,"column":7}},"loc":{"start":{"line":16,"column":48},"end":{"line":43,"column":3}}},"2":{"name":"(anonymous_2)","decl":{"start":{"line":46,"column":2},"end":{"line":46,"column":7}},"loc":{"start":{"line":46,"column":48},"end":{"line":77,"column":3}}},"3":{"name":"(anonymous_3)","decl":{"start":{"line":80,"column":2},"end":{"line":80,"column":7}},"loc":{"start":{"line":80,"column":54},"end":{"line":110,"column":3}}}},"branchMap":{"0":{"loc":{"start":{"line":20,"column":6},"end":{"line":26,"column":7}},"type":"if","locations":[{"start":{"line":20,"column":6},"end":{"line":26,"column":7}}]},"1":{"loc":{"start":{"line":48,"column":17},"end":{"line":48,"column":28}},"type":"default-arg","locations":[{"start":{"line":48,"column":25},"end":{"line":48,"column":28}}]},"2":{"loc":{"start":{"line":48,"column":30},"end":{"line":48,"column":42}},"type":"default-arg","locations":[{"start":{"line":48,"column":38},"end":{"line":48,"column":42}}]},"3":{"loc":{"start":{"line":50,"column":6},"end":{"line":56,"column":7}},"type":"if","locations":[{"start":{"line":50,"column":6},"end":{"line":56,"column":7}}]},"4":{"loc":{"start":{"line":86,"column":6},"end":{"line":88,"column":7}},"type":"if","locations":[{"start":{"line":86,"column":6},"end":{"line":88,"column":7}}]},"5":{"loc":{"start":{"line":90,"column":6},"end":{"line":92,"column":7}},"type":"if","locations":[{"start":{"line":90,"column":6},"end":{"line":92,"column":7}}]}},"s":{"0":2,"1":2,"2":11,"3":11,"4":11,"5":4,"6":4,"7":4,"8":1,"9":3,"10":3,"11":0,"12":0,"13":6,"14":6,"15":6,"16":2,"17":4,"18":4,"19":0,"20":0,"21":5,"22":5,"23":5,"24":2,"25":5,"26":2,"27":5,"28":5,"29":0,"30":0,"31":2},"f":{"0":11,"1":4,"2":6,"3":5},"b":{"0":[1],"1":[3],"2":[3],"3":[2],"4":[2],"5":[2]}}
,"/Users/jinzexu/workspace_codes/open-source/douban-mcp/src/routes/movieRoutes.ts": {"path":"/Users/jinzexu/workspace_codes/open-source/douban-mcp/src/routes/movieRoutes.ts","statementMap":{"0":{"start":{"line":1,"column":0},"end":{"line":1,"column":52}},"1":{"start":{"line":2,"column":0},"end":{"line":2,"column":65}},"2":{"start":{"line":4,"column":15},"end":{"line":4,"column":23}},"3":{"start":{"line":5,"column":24},"end":{"line":5,"column":45}},"4":{"start":{"line":8,"column":0},"end":{"line":10,"column":3}},"5":{"start":{"line":9,"column":2},"end":{"line":9,"column":48}},"6":{"start":{"line":13,"column":0},"end":{"line":15,"column":3}},"7":{"start":{"line":14,"column":2},"end":{"line":14,"column":48}},"8":{"start":{"line":18,"column":0},"end":{"line":20,"column":3}},"9":{"start":{"line":19,"column":2},"end":{"line":19,"column":54}},"10":{"start":{"line":22,"column":0},"end":{"line":22,"column":22}}},"fnMap":{"0":{"name":"(anonymous_0)","decl":{"start":{"line":8,"column":25},"end":{"line":8,"column":26}},"loc":{"start":{"line":8,"column":57},"end":{"line":10,"column":1}}},"1":{"name":"(anonymous_1)","decl":{"start":{"line":13,"column":22},"end":{"line":13,"column":23}},"loc":{"start":{"line":13,"column":54},"end":{"line":15,"column":1}}},"2":{"name":"(anonymous_2)","decl":{"start":{"line":18,"column":26},"end":{"line":18,"column":27}},"loc":{"start":{"line":18,"column":58},"end":{"line":20,"column":1}}}},"branchMap":{},"s":{"0":1,"1":1,"2":1,"3":1,"4":1,"5":1,"6":1,"7":2,"8":1,"9":2,"10":1},"f":{"0":1,"1":2,"2":2},"b":{}}
,"/Users/jinzexu/workspace_codes/open-source/douban-mcp/src/services/doubanService.ts": {"path":"/Users/jinzexu/workspace_codes/open-source/douban-mcp/src/services/doubanService.ts","statementMap":{"0":{"start":{"line":1,"column":0},"end":{"line":1,"column":26}},"1":{"start":{"line":3,"column":0},"end":{"line":3,"column":33}},"2":{"start":{"line":5,"column":0},"end":{"line":5,"column":16}},"3":{"start":{"line":8,"column":2},"end":{"line":8,"column":64}},"4":{"start":{"line":9,"column":16},"end":{"line":9,"column":48}},"5":{"start":{"line":12,"column":18},"end":{"line":17,"column":2}},"6":{"start":{"line":22,"column":4},"end":{"line":36,"column":5}},"7":{"start":{"line":29,"column":6},"end":{"line":29,"column":63}},"8":{"start":{"line":29,"column":37},"end":{"line":29,"column":61}},"9":{"start":{"line":32,"column":6},"end":{"line":32,"column":39}},"10":{"start":{"line":34,"column":6},"end":{"line":34,"column":40}},"11":{"start":{"line":35,"column":6},"end":{"line":35,"column":34}},"12":{"start":{"line":45,"column":4},"end":{"line":61,"column":5}},"13":{"start":{"line":54,"column":6},"end":{"line":54,"column":63}},"14":{"start":{"line":54,"column":37},"end":{"line":54,"column":61}},"15":{"start":{"line":57,"column":6},"end":{"line":57,"column":60}},"16":{"start":{"line":59,"column":6},"end":{"line":59,"column":38}},"17":{"start":{"line":60,"column":6},"end":{"line":60,"column":32}},"18":{"start":{"line":66,"column":4},"end":{"line":76,"column":5}},"19":{"start":{"line":69,"column":6},"end":{"line":69,"column":63}},"20":{"start":{"line":69,"column":37},"end":{"line":69,"column":61}},"21":{"start":{"line":72,"column":6},"end":{"line":72,"column":49}},"22":{"start":{"line":74,"column":6},"end":{"line":74,"column":40}},"23":{"start":{"line":75,"column":6},"end":{"line":75,"column":34}},"24":{"start":{"line":82,"column":4},"end":{"line":122,"column":6}},"25":{"start":{"line":130,"column":18},"end":{"line":130,"column":20}},"26":{"start":{"line":132,"column":28},"end":{"line":132,"column":30}},"27":{"start":{"line":133,"column":4},"end":{"line":139,"column":5}},"28":{"start":{"line":133,"column":17},"end":{"line":133,"column":18}},"29":{"start":{"line":134,"column":21},"end":{"line":134,"column":39}},"30":{"start":{"line":135,"column":6},"end":{"line":138,"column":9}},"31":{"start":{"line":141,"column":4},"end":{"line":146,"column":6}},"32":{"start":{"line":150,"column":18},"end":{"line":150,"column":36}},"33":{"start":{"line":151,"column":28},"end":{"line":151,"column":30}},"34":{"start":{"line":154,"column":19},"end":{"line":154,"column":60}},"35":{"start":{"line":156,"column":4},"end":{"line":188,"column":5}},"36":{"start":{"line":156,"column":17},"end":{"line":156,"column":18}},"37":{"start":{"line":157,"column":21},"end":{"line":157,"column":30}},"38":{"start":{"line":158,"column":25},"end":{"line":158,"column":68}},"39":{"start":{"line":161,"column":20},"end":{"line":161,"column":49}},"40":{"start":{"line":164,"column":6},"end":{"line":164,"column":32}},"41":{"start":{"line":165,"column":6},"end":{"line":165,"column":32}},"42":{"start":{"line":167,"column":6},"end":{"line":175,"column":7}},"43":{"start":{"line":169,"column":35},"end":{"line":169,"column":63}},"44":{"start":{"line":171,"column":10},"end":{"line":173,"column":31}},"45":{"start":{"line":174,"column":8},"end":{"line":174,"column":37}},"46":{"start":{"line":177,"column":6},"end":{"line":185,"column":7}},"47":{"start":{"line":179,"column":39},"end":{"line":179,"column":69}},"48":{"start":{"line":180,"column":23},"end":{"line":183,"column":20}},"49":{"start":{"line":184,"column":8},"end":{"line":184,"column":50}},"50":{"start":{"line":187,"column":6},"end":{"line":187,"column":25}},"51":{"start":{"line":190,"column":4},"end":{"line":190,"column":18}},"52":{"start":{"line":19,"column":0},"end":{"line":19,"column":13}}},"fnMap":{"0":{"name":"(anonymous_10)","decl":{"start":{"line":21,"column":2},"end":{"line":21,"column":7}},"loc":{"start":{"line":21,"column":31},"end":{"line":37,"column":3}}},"1":{"name":"(anonymous_11)","decl":{"start":{"line":29,"column":24},"end":{"line":29,"column":25}},"loc":{"start":{"line":29,"column":37},"end":{"line":29,"column":61}}},"2":{"name":"(anonymous_12)","decl":{"start":{"line":40,"column":2},"end":{"line":40,"column":7}},"loc":{"start":{"line":43,"column":22},"end":{"line":62,"column":3}}},"3":{"name":"(anonymous_13)","decl":{"start":{"line":54,"column":24},"end":{"line":54,"column":25}},"loc":{"start":{"line":54,"column":37},"end":{"line":54,"column":61}}},"4":{"name":"(anonymous_14)","decl":{"start":{"line":65,"column":2},"end":{"line":65,"column":7}},"loc":{"start":{"line":65,"column":56},"end":{"line":77,"column":3}}},"5":{"name":"(anonymous_15)","decl":{"start":{"line":69,"column":24},"end":{"line":69,"column":25}},"loc":{"start":{"line":69,"column":37},"end":{"line":69,"column":61}}},"6":{"name":"(anonymous_16)","decl":{"start":{"line":81,"column":10},"end":{"line":81,"column":26}},"loc":{"start":{"line":81,"column":37},"end":{"line":123,"column":3}}},"7":{"name":"(anonymous_17)","decl":{"start":{"line":125,"column":10},"end":{"line":125,"column":30}},"loc":{"start":{"line":128,"column":17},"end":{"line":147,"column":3}}},"8":{"name":"(anonymous_18)","decl":{"start":{"line":149,"column":10},"end":{"line":149,"column":32}},"loc":{"start":{"line":149,"column":62},"end":{"line":191,"column":3}}}},"branchMap":{"0":{"loc":{"start":{"line":8,"column":2},"end":{"line":8,"column":64}},"type":"binary-expr","locations":[{"start":{"line":8,"column":2},"end":{"line":8,"column":33}},{"start":{"line":8,"column":37},"end":{"line":8,"column":64}}]},"1":{"loc":{"start":{"line":9,"column":16},"end":{"line":9,"column":48}},"type":"binary-expr","locations":[{"start":{"line":9,"column":16},"end":{"line":9,"column":42}},{"start":{"line":9,"column":46},"end":{"line":9,"column":48}}]},"2":{"loc":{"start":{"line":42,"column":4},"end":{"line":42,"column":21}},"type":"default-arg","locations":[{"start":{"line":42,"column":20},"end":{"line":42,"column":21}}]},"3":{"loc":{"start":{"line":43,"column":4},"end":{"line":43,"column":22}},"type":"default-arg","locations":[{"start":{"line":43,"column":20},"end":{"line":43,"column":22}}]},"4":{"loc":{"start":{"line":150,"column":18},"end":{"line":150,"column":36}},"type":"binary-expr","locations":[{"start":{"line":150,"column":18},"end":{"line":150,"column":30}},{"start":{"line":150,"column":34},"end":{"line":150,"column":36}}]},"5":{"loc":{"start":{"line":154,"column":19},"end":{"line":154,"column":60}},"type":"binary-expr","locations":[{"start":{"line":154,"column":19},"end":{"line":154,"column":32}},{"start":{"line":154,"column":36},"end":{"line":154,"column":60}}]},"6":{"loc":{"start":{"line":167,"column":6},"end":{"line":175,"column":7}},"type":"if","locations":[{"start":{"line":167,"column":6},"end":{"line":175,"column":7}}]},"7":{"loc":{"start":{"line":177,"column":6},"end":{"line":185,"column":7}},"type":"if","locations":[{"start":{"line":177,"column":6},"end":{"line":185,"column":7}}]}},"s":{"0":1,"1":1,"2":1,"3":1,"4":1,"5":1,"6":2,"7":2,"8":2,"9":1,"10":0,"11":0,"12":3,"13":3,"14":3,"15":2,"16":0,"17":0,"18":3,"19":3,"20":3,"21":2,"22":0,"23":0,"24":39,"25":2,"26":2,"27":2,"28":2,"29":25,"30":25,"31":2,"32":2,"33":2,"34":2,"35":2,"36":2,"37":13,"38":13,"39":13,"40":13,"41":13,"42":13,"43":3,"44":3,"45":3,"46":13,"47":3,"48":3,"49":3,"50":13,"51":2,"52":1},"f":{"0":2,"1":2,"2":3,"3":3,"4":3,"5":3,"6":39,"7":2,"8":2},"b":{"0":[1,1],"1":[1,1],"2":[2],"3":[2],"4":[2,1],"5":[2,1],"6":[3],"7":[3]}}
,"/Users/jinzexu/workspace_codes/open-source/douban-mcp/src/utils/helpers.ts": {"path":"/Users/jinzexu/workspace_codes/open-source/douban-mcp/src/utils/helpers.ts","statementMap":{"0":{"start":{"line":10,"column":31},"end":{"line":20,"column":1}},"1":{"start":{"line":11,"column":2},"end":{"line":11,"column":29}},"2":{"start":{"line":11,"column":14},"end":{"line":11,"column":29}},"3":{"start":{"line":13,"column":17},"end":{"line":13,"column":67}},"4":{"start":{"line":15,"column":4},"end":{"line":17,"column":14}},"5":{"start":{"line":19,"column":2},"end":{"line":19,"column":68}},"6":{"start":{"line":10,"column":13},"end":{"line":10,"column":31}},"7":{"start":{"line":27,"column":35},"end":{"line":58,"column":1}},"8":{"start":{"line":28,"column":2},"end":{"line":28,"column":25}},"9":{"start":{"line":28,"column":13},"end":{"line":28,"column":25}},"10":{"start":{"line":31,"column":23},"end":{"line":31,"column":55}},"11":{"start":{"line":34,"column":2},"end":{"line":36,"column":3}},"12":{"start":{"line":35,"column":4},"end":{"line":35,"column":65}},"13":{"start":{"line":35,"column":38},"end":{"line":35,"column":63}},"14":{"start":{"line":39,"column":2},"end":{"line":55,"column":3}},"15":{"start":{"line":41,"column":28},"end":{"line":41,"column":70}},"16":{"start":{"line":43,"column":4},"end":{"line":47,"column":7}},"17":{"start":{"line":44,"column":6},"end":{"line":46,"column":7}},"18":{"start":{"line":45,"column":8},"end":{"line":45,"column":35}},"19":{"start":{"line":50,"column":4},"end":{"line":54,"column":7}},"20":{"start":{"line":51,"column":6},"end":{"line":53,"column":7}},"21":{"start":{"line":52,"column":8},"end":{"line":52,"column":67}},"22":{"start":{"line":57,"column":2},"end":{"line":57,"column":22}},"23":{"start":{"line":27,"column":13},"end":{"line":27,"column":35}},"24":{"start":{"line":65,"column":26},"end":{"line":77,"column":1}},"25":{"start":{"line":68,"column":2},"end":{"line":68,"column":56}},"26":{"start":{"line":68,"column":44},"end":{"line":68,"column":56}},"27":{"start":{"line":70,"column":27},"end":{"line":70,"column":46}},"28":{"start":{"line":71,"column":14},"end":{"line":71,"column":32}},"29":{"start":{"line":72,"column":14},"end":{"line":72,"column":32}},"30":{"start":{"line":74,"column":2},"end":{"line":74,"column":44}},"31":{"start":{"line":74,"column":32},"end":{"line":74,"column":44}},"32":{"start":{"line":76,"column":2},"end":{"line":76,"column":22}},"33":{"start":{"line":65,"column":13},"end":{"line":65,"column":26}},"34":{"start":{"line":83,"column":32},"end":{"line":88,"column":1}},"35":{"start":{"line":84,"column":2},"end":{"line":87,"column":4}},"36":{"start":{"line":83,"column":13},"end":{"line":83,"column":32}},"37":{"start":{"line":95,"column":37},"end":{"line":106,"column":1}},"38":{"start":{"line":96,"column":2},"end":{"line":96,"column":61}},"39":{"start":{"line":96,"column":38},"end":{"line":96,"column":61}},"40":{"start":{"line":98,"column":15},"end":{"line":98,"column":28}},"41":{"start":{"line":100,"column":2},"end":{"line":103,"column":5}},"42":{"start":{"line":101,"column":19},"end":{"line":101,"column":67}},"43":{"start":{"line":102,"column":4},"end":{"line":102,"column":75}},"44":{"start":{"line":105,"column":2},"end":{"line":105,"column":16}},"45":{"start":{"line":95,"column":13},"end":{"line":95,"column":37}}},"fnMap":{"0":{"name":"(anonymous_0)","decl":{"start":{"line":10,"column":31},"end":{"line":10,"column":32}},"loc":{"start":{"line":10,"column":54},"end":{"line":20,"column":1}}},"1":{"name":"(anonymous_1)","decl":{"start":{"line":27,"column":35},"end":{"line":27,"column":36}},"loc":{"start":{"line":27,"column":54},"end":{"line":58,"column":1}}},"2":{"name":"(anonymous_2)","decl":{"start":{"line":35,"column":28},"end":{"line":35,"column":29}},"loc":{"start":{"line":35,"column":38},"end":{"line":35,"column":63}}},"3":{"name":"(anonymous_3)","decl":{"start":{"line":43,"column":28},"end":{"line":43,"column":29}},"loc":{"start":{"line":43,"column":38},"end":{"line":47,"column":5}}},"4":{"name":"(anonymous_4)","decl":{"start":{"line":50,"column":38},"end":{"line":50,"column":39}},"loc":{"start":{"line":50,"column":46},"end":{"line":54,"column":5}}},"5":{"name":"(anonymous_5)","decl":{"start":{"line":65,"column":26},"end":{"line":65,"column":null}},"loc":{"start":{"line":67,"column":41},"end":{"line":77,"column":1}}},"6":{"name":"(anonymous_6)","decl":{"start":{"line":83,"column":32},"end":{"line":83,"column":43}},"loc":{"start":{"line":83,"column":45},"end":{"line":88,"column":1}}},"7":{"name":"(anonymous_7)","decl":{"start":{"line":95,"column":37},"end":{"line":95,"column":38}},"loc":{"start":{"line":95,"column":63},"end":{"line":106,"column":1}}},"8":{"name":"(anonymous_8)","decl":{"start":{"line":100,"column":17},"end":{"line":100,"column":18}},"loc":{"start":{"line":100,"column":34},"end":{"line":103,"column":3}}}},"branchMap":{"0":{"loc":{"start":{"line":11,"column":2},"end":{"line":11,"column":29}},"type":"if","locations":[{"start":{"line":11,"column":2},"end":{"line":11,"column":29}}]},"1":{"loc":{"start":{"line":13,"column":17},"end":{"line":13,"column":67}},"type":"cond-expr","locations":[{"start":{"line":13,"column":32},"end":{"line":13,"column":58}},{"start":{"line":13,"column":61},"end":{"line":13,"column":67}}]},"2":{"loc":{"start":{"line":15,"column":4},"end":{"line":17,"column":14}},"type":"cond-expr","locations":[{"start":{"line":16,"column":8},"end":{"line":16,"column":30}},{"start":{"line":17,"column":8},"end":{"line":17,"column":14}}]},"3":{"loc":{"start":{"line":15,"column":4},"end":{"line":15,"column":43}},"type":"binary-expr","locations":[{"start":{"line":15,"column":4},"end":{"line":15,"column":16}},{"start":{"line":15,"column":20},"end":{"line":15,"column":43}}]},"4":{"loc":{"start":{"line":28,"column":2},"end":{"line":28,"column":25}},"type":"if","locations":[{"start":{"line":28,"column":2},"end":{"line":28,"column":25}}]},"5":{"loc":{"start":{"line":34,"column":2},"end":{"line":36,"column":3}},"type":"if","locations":[{"start":{"line":34,"column":2},"end":{"line":36,"column":3}}]},"6":{"loc":{"start":{"line":39,"column":2},"end":{"line":55,"column":3}},"type":"if","locations":[{"start":{"line":39,"column":2},"end":{"line":55,"column":3}}]},"7":{"loc":{"start":{"line":44,"column":6},"end":{"line":46,"column":7}},"type":"if","locations":[{"start":{"line":44,"column":6},"end":{"line":46,"column":7}}]},"8":{"loc":{"start":{"line":51,"column":6},"end":{"line":53,"column":7}},"type":"if","locations":[{"start":{"line":51,"column":6},"end":{"line":53,"column":7}}]},"9":{"loc":{"start":{"line":51,"column":10},"end":{"line":51,"column":77}},"type":"binary-expr","locations":[{"start":{"line":51,"column":10},"end":{"line":51,"column":47}},{"start":{"line":51,"column":51},"end":{"line":51,"column":77}}]},"10":{"loc":{"start":{"line":68,"column":2},"end":{"line":68,"column":56}},"type":"if","locations":[{"start":{"line":68,"column":2},"end":{"line":68,"column":56}}]},"11":{"loc":{"start":{"line":68,"column":6},"end":{"line":68,"column":42}},"type":"binary-expr","locations":[{"start":{"line":68,"column":6},"end":{"line":68,"column":15}},{"start":{"line":68,"column":19},"end":{"line":68,"column":42}}]},"12":{"loc":{"start":{"line":74,"column":2},"end":{"line":74,"column":44}},"type":"if","locations":[{"start":{"line":74,"column":2},"end":{"line":74,"column":44}}]},"13":{"loc":{"start":{"line":74,"column":6},"end":{"line":74,"column":30}},"type":"binary-expr","locations":[{"start":{"line":74,"column":6},"end":{"line":74,"column":16}},{"start":{"line":74,"column":20},"end":{"line":74,"column":30}}]},"14":{"loc":{"start":{"line":96,"column":2},"end":{"line":96,"column":61}},"type":"if","locations":[{"start":{"line":96,"column":2},"end":{"line":96,"column":61}}]},"15":{"loc":{"start":{"line":96,"column":6},"end":{"line":96,"column":36}},"type":"binary-expr","locations":[{"start":{"line":96,"column":6},"end":{"line":96,"column":13}},{"start":{"line":96,"column":17},"end":{"line":96,"column":36}}]},"16":{"loc":{"start":{"line":101,"column":19},"end":{"line":101,"column":67}},"type":"cond-expr","locations":[{"start":{"line":101,"column":34},"end":{"line":101,"column":62}},{"start":{"line":101,"column":65},"end":{"line":101,"column":67}}]}},"s":{"0":1,"1":4,"2":1,"3":3,"4":3,"5":3,"6":1,"7":1,"8":6,"9":1,"10":5,"11":5,"12":1,"13":2,"14":4,"15":4,"16":4,"17":16,"18":5,"19":4,"20":5,"21":1,"22":4,"23":1,"24":1,"25":5,"26":2,"27":3,"28":3,"29":3,"30":3,"31":1,"32":2,"33":1,"34":1,"35":3,"36":1,"37":1,"38":3,"39":1,"40":2,"41":2,"42":3,"43":3,"44":2,"45":1},"f":{"0":4,"1":6,"2":2,"3":16,"4":5,"5":5,"6":3,"7":3,"8":3},"b":{"0":[1],"1":[2,1],"2":[2,1],"3":[3,2],"4":[1],"5":[1],"6":[4],"7":[5],"8":[1],"9":[5,1],"10":[2],"11":[5,4],"12":[1],"13":[3,3],"14":[1],"15":[3,3],"16":[2,1]}}
}
