TN:
SF:src/index.ts
FN:19,(anonymous_10)
FN:24,(anonymous_11)
FN:45,(anonymous_12)
FN:61,(anonymous_13)
FNF:4
FNH:0
FNDA:0,(anonymous_10)
FNDA:0,(anonymous_11)
FNDA:0,(anonymous_12)
FNDA:0,(anonymous_13)
DA:1,0
DA:2,0
DA:3,0
DA:4,0
DA:7,0
DA:10,0
DA:11,0
DA:14,0
DA:15,0
DA:16,0
DA:19,0
DA:20,0
DA:24,0
DA:25,0
DA:41,0
DA:44,0
DA:51,0
DA:52,0
DA:61,0
DA:62,0
LF:20
LH:0
BRDA:11,0,0,0
BRDA:11,0,1,0
BRF:2
BRH:0
end_of_record
TN:
SF:src/controllers/movieController.ts
FN:8,(anonymous_0)
FN:16,(anonymous_1)
FN:46,(anonymous_2)
FN:80,(anonymous_3)
FNF:4
FNH:4
FNDA:11,(anonymous_0)
FNDA:4,(anonymous_1)
FNDA:6,(anonymous_2)
FNDA:5,(anonymous_3)
DA:2,2
DA:5,2
DA:7,2
DA:10,11
DA:11,11
DA:12,11
DA:17,4
DA:18,4
DA:20,4
DA:21,1
DA:28,3
DA:30,3
DA:36,0
DA:37,0
DA:47,6
DA:48,6
DA:50,6
DA:51,2
DA:58,4
DA:64,4
DA:70,0
DA:71,0
DA:81,5
DA:83,5
DA:86,5
DA:87,2
DA:90,5
DA:91,2
DA:95,5
DA:97,5
DA:103,0
DA:104,0
LF:32
LH:26
BRDA:20,0,0,1
BRDA:48,1,0,3
BRDA:48,2,0,3
BRDA:50,3,0,2
BRDA:86,4,0,2
BRDA:90,5,0,2
BRF:6
BRH:6
end_of_record
TN:
SF:src/routes/movieRoutes.ts
FN:8,(anonymous_0)
FN:13,(anonymous_1)
FN:18,(anonymous_2)
FNF:3
FNH:3
FNDA:1,(anonymous_0)
FNDA:2,(anonymous_1)
FNDA:2,(anonymous_2)
DA:1,1
DA:2,1
DA:4,1
DA:5,1
DA:8,1
DA:9,1
DA:13,1
DA:14,2
DA:18,1
DA:19,2
DA:22,1
LF:11
LH:11
BRF:0
BRH:0
end_of_record
TN:
SF:src/services/doubanService.ts
FN:21,(anonymous_10)
FN:29,(anonymous_11)
FN:40,(anonymous_12)
FN:54,(anonymous_13)
FN:65,(anonymous_14)
FN:69,(anonymous_15)
FN:81,(anonymous_16)
FN:125,(anonymous_17)
FN:149,(anonymous_18)
FNF:9
FNH:9
FNDA:2,(anonymous_10)
FNDA:2,(anonymous_11)
FNDA:3,(anonymous_12)
FNDA:3,(anonymous_13)
FNDA:3,(anonymous_14)
FNDA:3,(anonymous_15)
FNDA:39,(anonymous_16)
FNDA:2,(anonymous_17)
FNDA:2,(anonymous_18)
DA:1,1
DA:3,1
DA:5,1
DA:8,1
DA:9,1
DA:12,1
DA:19,1
DA:22,2
DA:29,2
DA:32,1
DA:34,0
DA:35,0
DA:45,3
DA:54,3
DA:57,2
DA:59,0
DA:60,0
DA:66,3
DA:69,3
DA:72,2
DA:74,0
DA:75,0
DA:82,39
DA:130,2
DA:132,2
DA:133,2
DA:134,25
DA:135,25
DA:141,2
DA:150,2
DA:151,2
DA:154,2
DA:156,2
DA:157,13
DA:158,13
DA:161,13
DA:164,13
DA:165,13
DA:167,13
DA:169,3
DA:171,3
DA:174,3
DA:177,13
DA:179,3
DA:180,3
DA:184,3
DA:187,13
DA:190,2
LF:48
LH:42
BRDA:8,0,0,1
BRDA:8,0,1,1
BRDA:9,1,0,1
BRDA:9,1,1,1
BRDA:42,2,0,2
BRDA:43,3,0,2
BRDA:150,4,0,2
BRDA:150,4,1,1
BRDA:154,5,0,2
BRDA:154,5,1,1
BRDA:167,6,0,3
BRDA:177,7,0,3
BRF:12
BRH:12
end_of_record
TN:
SF:src/utils/helpers.ts
FN:10,(anonymous_0)
FN:27,(anonymous_1)
FN:35,(anonymous_2)
FN:43,(anonymous_3)
FN:50,(anonymous_4)
FN:65,(anonymous_5)
FN:83,(anonymous_6)
FN:95,(anonymous_7)
FN:100,(anonymous_8)
FNF:9
FNH:9
FNDA:4,(anonymous_0)
FNDA:6,(anonymous_1)
FNDA:2,(anonymous_2)
FNDA:16,(anonymous_3)
FNDA:5,(anonymous_4)
FNDA:5,(anonymous_5)
FNDA:3,(anonymous_6)
FNDA:3,(anonymous_7)
FNDA:3,(anonymous_8)
DA:10,1
DA:11,4
DA:13,3
DA:15,3
DA:19,3
DA:27,1
DA:28,6
DA:31,5
DA:34,5
DA:35,2
DA:39,4
DA:41,4
DA:43,4
DA:44,16
DA:45,5
DA:50,4
DA:51,5
DA:52,1
DA:57,4
DA:65,1
DA:68,5
DA:70,3
DA:71,3
DA:72,3
DA:74,3
DA:76,2
DA:83,1
DA:84,3
DA:95,1
DA:96,3
DA:98,2
DA:100,2
DA:101,3
DA:102,3
DA:105,2
LF:35
LH:35
BRDA:11,0,0,1
BRDA:13,1,0,2
BRDA:13,1,1,1
BRDA:15,2,0,2
BRDA:15,2,1,1
BRDA:15,3,0,3
BRDA:15,3,1,2
BRDA:28,4,0,1
BRDA:34,5,0,1
BRDA:39,6,0,4
BRDA:44,7,0,5
BRDA:51,8,0,1
BRDA:51,9,0,5
BRDA:51,9,1,1
BRDA:68,10,0,2
BRDA:68,11,0,5
BRDA:68,11,1,4
BRDA:74,12,0,1
BRDA:74,13,0,3
BRDA:74,13,1,3
BRDA:96,14,0,1
BRDA:96,15,0,3
BRDA:96,15,1,3
BRDA:101,16,0,2
BRDA:101,16,1,1
BRF:25
BRH:25
end_of_record
